<?xml version="1.0" encoding="UTF-8"?>
<!-- Generated by org.testng.reporters.JUnitReportReporter -->
<testsuite skipped="0" hostname="Pranav" name="com.actitime.test.CreateCustomer" tests="1" failures="0" timestamp="24 Jun 2020 14:36:39 GMT" time="0.024" errors="0">
  <testcase name="testCreateCustomer" time="0.024" classname="com.actitime.test.CreateCustomer"/>
</testsuite> <!-- com.actitime.test.CreateCustomer -->
